<?xml version="1.0" encoding="UTF-8"?>
<testng-results ignored="0" total="1" passed="1" failed="0" skipped="0">
  <reporter-output>
  </reporter-output>
  <suite started-at="2026-03-30T14:11:46 IST" name="Default suite" finished-at="2026-03-30T14:12:22 IST" duration-ms="36442">
    <groups>
    </groups>
    <test started-at="2026-03-30T14:11:46 IST" name="Default test" finished-at="2026-03-30T14:12:22 IST" duration-ms="36442">
      <class name="BaseTest.DemoTest">
        <test-method is-config="true" signature="invokeBrowser()[pri:0, instance:BaseTest.DemoTest@34123d65]" started-at="2026-03-30T14:11:46 IST" name="invokeBrowser" finished-at="2026-03-30T14:12:21 IST" duration-ms="35019" status="PASS">
          <reporter-output>
          </reporter-output>
        </test-method> <!-- invokeBrowser -->
        <test-method signature="test()[pri:0, instance:BaseTest.DemoTest@34123d65]" started-at="2026-03-30T14:12:21 IST" name="test" finished-at="2026-03-30T14:12:22 IST" duration-ms="1376" status="PASS">
          <reporter-output>
          </reporter-output>
        </test-method> <!-- test -->
      </class> <!-- BaseTest.DemoTest -->
    </test> <!-- Default test -->
  </suite> <!-- Default suite -->
</testng-results>
